Sun Jan 13 11:43:11 2013 [828788][1][FATAL] IP Address mismatch: SESSION IP: 37.45.117.74 CLIENT IP: 37.45.25.85
Sun Jan 13 19:58:10 2013 [414577][1][FATAL] IP Address mismatch: SESSION IP: 37.45.25.85 CLIENT IP: 37.45.117.74
Sun Jan 13 22:15:23 2013 [714563][-none-][FATAL] SECURITY: User authentication for elena failed
Sun Jan 13 22:15:23 2013 [714563][-none-][FATAL] FAILED LOGIN:attempts[1] - elena
Sun Jan 13 22:15:30 2013 [714673][-none-][FATAL] SECURITY: User authentication for elena failed
Sun Jan 13 22:15:30 2013 [714673][-none-][FATAL] FAILED LOGIN:attempts[2] - elena
Sun Jan 13 22:15:36 2013 [714772][-none-][FATAL] SECURITY: User authentication for elena failed
Sun Jan 13 22:15:36 2013 [714772][-none-][FATAL] FAILED LOGIN:attempts[3] - elena
Mon Jan 14 10:39:32 2013 [462854][-none-][FATAL] SECURITY: User authentication for lena failed
Mon Jan 14 10:39:32 2013 [462854][-none-][FATAL] FAILED LOGIN:attempts[1] - lena
Mon Jan 14 10:39:42 2013 [463084][-none-][FATAL] SECURITY: User authentication for lena failed
Mon Jan 14 10:39:42 2013 [463084][-none-][FATAL] FAILED LOGIN:attempts[2] - lena
Mon Jan 14 10:39:54 2013 [463433][-none-][FATAL] SECURITY: User authentication for LENA failed
Mon Jan 14 10:39:54 2013 [463433][-none-][FATAL] FAILED LOGIN:attempts[3] - LENA
Mon Jan 14 10:40:02 2013 [463708][-none-][FATAL] SECURITY: User authentication for lena failed
Mon Jan 14 10:40:02 2013 [463708][-none-][FATAL] FAILED LOGIN:attempts[4] - lena
Mon Jan 14 10:40:12 2013 [463924][-none-][FATAL] SECURITY: User authentication for lena failed
Mon Jan 14 10:40:12 2013 [463924][-none-][FATAL] FAILED LOGIN:attempts[5] - lena
Mon Jan 14 11:00:38 2013 [487892][6d3e987b-bba8-c2c0-c231-50914e58a687][FATAL] IP Address mismatch: SESSION IP: 37.45.117.74 CLIENT IP: 82.209.219.132
Mon Jan 14 11:13:49 2013 [502788][-none-][FATAL] SECURITY: User authentication for ira failed
Mon Jan 14 11:13:49 2013 [502788][-none-][FATAL] FAILED LOGIN:attempts[1] - ira
Mon Jan 14 11:13:59 2013 [502933][-none-][FATAL] SECURITY: User authentication for ira failed
Mon Jan 14 11:13:59 2013 [502933][-none-][FATAL] FAILED LOGIN:attempts[2] - ira
Mon Jan 14 11:14:09 2013 [503150][-none-][FATAL] SECURITY: User authentication for ira failed
Mon Jan 14 11:14:09 2013 [503150][-none-][FATAL] FAILED LOGIN:attempts[3] - ira
Mon Jan 14 11:21:15 2013 [511942][-none-][FATAL] SECURITY: User authentication for ira failed
Mon Jan 14 11:21:15 2013 [511942][-none-][FATAL] FAILED LOGIN:attempts[1] - ira
Mon Jan 14 11:21:25 2013 [512149][-none-][FATAL] SECURITY: User authentication for ira failed
Mon Jan 14 11:21:25 2013 [512149][-none-][FATAL] FAILED LOGIN:attempts[2] - ira
Mon Jan 14 11:21:31 2013 [512357][-none-][FATAL] SECURITY: User authentication for irina failed
Mon Jan 14 11:21:31 2013 [512357][-none-][FATAL] FAILED LOGIN:attempts[3] - irina
Mon Jan 14 11:30:37 2013 [523996][-none-][FATAL] SECURITY: User authentication for IRA failed
Mon Jan 14 11:30:37 2013 [523996][-none-][FATAL] FAILED LOGIN:attempts[1] - IRA
Mon Jan 14 11:30:44 2013 [524114][-none-][FATAL] SECURITY: User authentication for ira failed
Mon Jan 14 11:30:44 2013 [524114][-none-][FATAL] FAILED LOGIN:attempts[2] - ira
Mon Jan 14 11:31:00 2013 [524350][-none-][FATAL] SECURITY: User authentication for ira failed
Mon Jan 14 11:31:00 2013 [524350][-none-][FATAL] FAILED LOGIN:attempts[3] - ira
Mon Jan 14 12:46:27 2013 [638987][-none-][FATAL] SECURITY: User authentication for elena failed
Mon Jan 14 12:46:27 2013 [638987][-none-][FATAL] FAILED LOGIN:attempts[1] - elena
Mon Jan 14 12:46:32 2013 [639126][-none-][FATAL] SECURITY: User authentication for elena failed
Mon Jan 14 12:46:32 2013 [639126][-none-][FATAL] FAILED LOGIN:attempts[2] - elena
Mon Jan 14 15:02:57 2013 [897012][-none-][FATAL] SECURITY: User authentication for lena failed
Mon Jan 14 15:02:57 2013 [897012][-none-][FATAL] FAILED LOGIN:attempts[1] - lena
Mon Jan 14 15:03:04 2013 [897170][-none-][FATAL] SECURITY: User authentication for lena failed
Mon Jan 14 15:03:04 2013 [897170][-none-][FATAL] FAILED LOGIN:attempts[2] - lena
Mon Jan 14 15:03:40 2013 [898213][-none-][FATAL] SECURITY: User authentication for lena failed
Mon Jan 14 15:03:40 2013 [898213][-none-][FATAL] FAILED LOGIN:attempts[1] - lena
Mon Jan 14 21:51:15 2013 [640765][6d3e987b-bba8-c2c0-c231-50914e58a687][FATAL] IP Address mismatch: SESSION IP: 37.17.114.125 CLIENT IP: 37.45.55.20
Tue Jan 15 11:49:00 2013 [553664][1][FATAL] IP Address mismatch: SESSION IP: 37.45.55.20 CLIENT IP: 82.209.219.132
Tue Jan 15 14:14:17 2013 [768719][-none-][FATAL] SECURITY: User authentication for lena failed
Tue Jan 15 14:14:17 2013 [768719][-none-][FATAL] FAILED LOGIN:attempts[1] - lena
Tue Jan 15 15:26:27 2013 [885680][-none-][FATAL] SECURITY: User authentication for lena failed
Tue Jan 15 15:26:27 2013 [885680][-none-][FATAL] FAILED LOGIN:attempts[1] - lena
Tue Jan 15 15:35:02 2013 [901954][6d3e987b-bba8-c2c0-c231-50914e58a687][FATAL] IP Address mismatch: SESSION IP: 37.45.89.36 CLIENT IP: 37.45.161.10
Wed Jan 16 12:02:47 2013 [366779][84576838-73e2-3ede-557e-509cd29a92e5][FATAL] IP Address mismatch: SESSION IP: 93.84.4.227 CLIENT IP: 37.17.113.221
Thu Jan 17 13:28:51 2013 [436913][6d3e987b-bba8-c2c0-c231-50914e58a687][FATAL] Failed to load original or custom subpanel data for  in modules//metadata/subpanels/.php
Thu Jan 17 13:28:52 2013 [436948][6d3e987b-bba8-c2c0-c231-50914e58a687][FATAL] Failed to load original or custom subpanel data for  in modules//metadata/subpanels/.php
Thu Jan 17 17:40:07 2013 [834878][84576838-73e2-3ede-557e-509cd29a92e5][FATAL] SugarPHPMailer encountered an error: Invalid address: 
Thu Jan 17 20:40:35 2013 [35759][1][FATAL] IP Address mismatch: SESSION IP: 82.209.219.132 CLIENT IP: 37.45.116.166
Thu Jan 17 23:27:56 2013 [277254][1][FATAL] IP Address mismatch: SESSION IP: 37.45.116.166 CLIENT IP: 93.84.43.115
Fri Jan 18 11:22:34 2013 [85486][-none-][FATAL] SECURITY: User authentication for ira failed
Fri Jan 18 11:22:34 2013 [85486][-none-][FATAL] FAILED LOGIN:attempts[1] - ira
Fri Jan 18 12:23:34 2013 [163990][84576838-73e2-3ede-557e-509cd29a92e5][FATAL] IP Address mismatch: SESSION IP: 37.45.21.137 CLIENT IP: 37.45.24.139
Fri Jan 18 15:30:59 2013 [458654][6d3e987b-bba8-c2c0-c231-50914e58a687][FATAL] IP Address mismatch: SESSION IP: 37.45.24.139 CLIENT IP: 37.45.49.79
Fri Jan 18 16:51:56 2013 [574309][-none-][FATAL] SECURITY: User authentication for vlad failed
Fri Jan 18 16:51:56 2013 [574309][-none-][FATAL] FAILED LOGIN:attempts[1] - vlad
Fri Jan 18 16:52:02 2013 [574453][-none-][FATAL] SECURITY: User authentication for vlad failed
Fri Jan 18 16:52:02 2013 [574453][-none-][FATAL] FAILED LOGIN:attempts[2] - vlad
Fri Jan 18 17:12:12 2013 [603626][-none-][FATAL] SECURITY: User authentication for vlad failed
Fri Jan 18 17:12:12 2013 [603626][-none-][FATAL] FAILED LOGIN:attempts[1] - vlad
Sat Jan 19 13:49:51 2013 [238111][84576838-73e2-3ede-557e-509cd29a92e5][FATAL] IP Address mismatch: SESSION IP: 37.45.200.75 CLIENT IP: 93.84.48.130
Sat Jan 19 15:39:55 2013 [397875][84576838-73e2-3ede-557e-509cd29a92e5][FATAL] IP Address mismatch: SESSION IP: 93.84.48.130 CLIENT IP: 93.84.51.255
Sat Jan 19 18:07:49 2013 [607827][84576838-73e2-3ede-557e-509cd29a92e5][FATAL] IP Address mismatch: SESSION IP: 93.84.51.255 CLIENT IP: 93.84.47.1
Tue Jan 22 09:31:49 2013 [454871][1][FATAL] project_resource for projects_contacts_resources failed to load

Tue Jan 22 09:31:49 2013 [454871][1][FATAL] error loading relationship project_resource
Tue Jan 22 09:31:50 2013 [454871][1][FATAL] project_resource for projects_contacts_resources failed to load

Tue Jan 22 09:31:50 2013 [454871][1][FATAL] error loading relationship project_resource
Tue Jan 22 09:31:50 2013 [454871][1][FATAL] project_resource for projects_contacts_resources failed to load

Tue Jan 22 09:31:50 2013 [454871][1][FATAL] error loading relationship project_resource
Tue Jan 22 09:31:50 2013 [454871][1][FATAL] project_resource for projects_contacts_resources failed to load

Tue Jan 22 09:31:50 2013 [454871][1][FATAL] error loading relationship project_resource
Tue Jan 22 09:31:50 2013 [454871][1][FATAL] project_resource for projects_contacts_resources failed to load

Tue Jan 22 09:31:50 2013 [454871][1][FATAL] error loading relationship project_resource
Tue Jan 22 09:31:50 2013 [454871][1][FATAL] project_resource for projects_contacts_resources failed to load

Tue Jan 22 09:31:50 2013 [454871][1][FATAL] error loading relationship project_resource
Tue Jan 22 09:31:50 2013 [454871][1][FATAL] project_resource for projects_contacts_resources failed to load

Tue Jan 22 09:31:50 2013 [454871][1][FATAL] error loading relationship project_resource
Tue Jan 22 09:31:50 2013 [454871][1][FATAL] project_resource for projects_contacts_resources failed to load

Tue Jan 22 09:31:50 2013 [454871][1][FATAL] error loading relationship project_resource
Tue Jan 22 09:31:50 2013 [454871][1][FATAL] project_resource for projects_contacts_resources failed to load

Tue Jan 22 09:31:50 2013 [454871][1][FATAL] error loading relationship project_resource
Tue Jan 22 09:31:50 2013 [454871][1][FATAL] project_resource for projects_contacts_resources failed to load

Tue Jan 22 09:31:50 2013 [454871][1][FATAL] error loading relationship project_resource
Tue Jan 22 09:31:50 2013 [454871][1][FATAL] project_resource for projects_contacts_resources failed to load

Tue Jan 22 09:31:50 2013 [454871][1][FATAL] error loading relationship project_resource
Tue Jan 22 09:31:50 2013 [454871][1][FATAL] project_resource for projects_contacts_resources failed to load

Tue Jan 22 09:31:50 2013 [454871][1][FATAL] error loading relationship project_resource
Tue Jan 22 09:31:50 2013 [454871][1][FATAL] project_resource for projects_contacts_resources failed to load

Tue Jan 22 09:31:50 2013 [454871][1][FATAL] error loading relationship project_resource
Tue Jan 22 09:32:02 2013 [455065][1][FATAL] project_resource for projects_contacts_resources failed to load

Tue Jan 22 09:32:02 2013 [455065][1][FATAL] error loading relationship project_resource
Tue Jan 22 10:38:38 2013 [577544][1][FATAL] project_resource for projects_contacts_resources failed to load

Tue Jan 22 10:38:38 2013 [577544][1][FATAL] error loading relationship project_resource
Tue Jan 22 17:29:58 2013 [147393][6d3e987b-bba8-c2c0-c231-50914e58a687][FATAL] project_resource for projects_contacts_resources failed to load

Tue Jan 22 17:29:58 2013 [147393][6d3e987b-bba8-c2c0-c231-50914e58a687][FATAL] error loading relationship project_resource
Tue Jan 22 17:29:58 2013 [147393][6d3e987b-bba8-c2c0-c231-50914e58a687][FATAL] project_resource for projects_contacts_resources failed to load

Tue Jan 22 17:29:58 2013 [147393][6d3e987b-bba8-c2c0-c231-50914e58a687][FATAL] error loading relationship project_resource
Tue Jan 22 21:38:33 2013 [524033][6d3e987b-bba8-c2c0-c231-50914e58a687][FATAL] IP Address mismatch: SESSION IP: 82.209.219.132 CLIENT IP: 93.84.48.237
Wed Jan 23 18:45:38 2013 [964469][6d3e987b-bba8-c2c0-c231-50914e58a687][FATAL] project_resource for projects_contacts_resources failed to load

Wed Jan 23 18:45:38 2013 [964469][6d3e987b-bba8-c2c0-c231-50914e58a687][FATAL] error loading relationship project_resource
Wed Jan 23 18:45:38 2013 [964469][6d3e987b-bba8-c2c0-c231-50914e58a687][FATAL] project_resource for projects_contacts_resources failed to load

Wed Jan 23 18:45:38 2013 [964469][6d3e987b-bba8-c2c0-c231-50914e58a687][FATAL] error loading relationship project_resource
Wed Jan 23 18:45:38 2013 [964469][6d3e987b-bba8-c2c0-c231-50914e58a687][FATAL] project_resource for projects_contacts_resources failed to load

Wed Jan 23 18:45:38 2013 [964469][6d3e987b-bba8-c2c0-c231-50914e58a687][FATAL] error loading relationship project_resource
Wed Jan 23 18:52:47 2013 [973550][6d3e987b-bba8-c2c0-c231-50914e58a687][FATAL] project_resource for projects_contacts_resources failed to load

Wed Jan 23 18:52:47 2013 [973550][6d3e987b-bba8-c2c0-c231-50914e58a687][FATAL] error loading relationship project_resource
Wed Jan 23 18:52:47 2013 [973550][6d3e987b-bba8-c2c0-c231-50914e58a687][FATAL] project_resource for projects_contacts_resources failed to load

Wed Jan 23 18:52:47 2013 [973550][6d3e987b-bba8-c2c0-c231-50914e58a687][FATAL] error loading relationship project_resource
Wed Jan 23 19:01:09 2013 [981785][6d3e987b-bba8-c2c0-c231-50914e58a687][FATAL] project_resource for projects_contacts_resources failed to load

Wed Jan 23 19:01:09 2013 [981785][6d3e987b-bba8-c2c0-c231-50914e58a687][FATAL] error loading relationship project_resource
Thu Jan 24 13:26:18 2013 [211338][6d3e987b-bba8-c2c0-c231-50914e58a687][FATAL] IP Address mismatch: SESSION IP: 93.84.48.237 CLIENT IP: 37.45.212.141
Thu Jan 24 14:31:37 2013 [290377][-none-][FATAL] Could not connect to DB server localhost as sunnyhol_scrm1. port : Lost connection to MySQL server at 'sending authentication information', system error: 32
Fri Jan 25 11:35:39 2013 [957228][84576838-73e2-3ede-557e-509cd29a92e5][FATAL] IP Address mismatch: SESSION IP: 37.45.212.141 CLIENT IP: 82.209.219.132
Fri Jan 25 14:33:32 2013 [164703][-none-][FATAL] SECURITY: User authentication for ira failed
Fri Jan 25 14:33:32 2013 [164703][-none-][FATAL] FAILED LOGIN:attempts[1] - ira
Fri Jan 25 14:33:37 2013 [164941][-none-][FATAL] SECURITY: User authentication for ira failed
Fri Jan 25 14:33:37 2013 [164941][-none-][FATAL] FAILED LOGIN:attempts[2] - ira
Mon Jan 28 01:00:38 2013 [213246][6d3e987b-bba8-c2c0-c231-50914e58a687][FATAL] Failed to load original or custom subpanel data for  in modules//metadata/subpanels/.php
Mon Jan 28 11:25:24 2013 [53654][6d3e987b-bba8-c2c0-c231-50914e58a687][FATAL] IP Address mismatch: SESSION IP: 93.84.27.240 CLIENT IP: 93.84.61.236
Mon Jan 28 18:32:37 2013 [981206][1][FATAL] IP Address mismatch: SESSION IP: 82.209.219.132 CLIENT IP: 93.84.61.236
Tue Jan 29 14:51:49 2013 [1023785][-none-][FATAL] SECURITY: The session ID is invalid
Tue Jan 29 14:51:51 2013 [1023813][-none-][FATAL] SECURITY: The session ID is invalid
Tue Jan 29 14:51:54 2013 [1023986][-none-][FATAL] SECURITY: The session ID is invalid
Tue Jan 29 14:51:56 2013 [1024043][-none-][FATAL] SECURITY: The session ID is invalid
Tue Jan 29 14:52:00 2013 [1024255][-none-][FATAL] SECURITY: The session ID is invalid
Tue Jan 29 14:52:05 2013 [1024325][-none-][FATAL] SECURITY: The session ID is invalid
Tue Jan 29 23:35:55 2013 [793581][1][FATAL] project_resource for projects_contacts_resources failed to load

Tue Jan 29 23:35:55 2013 [793581][1][FATAL] error loading relationship project_resource
Tue Jan 29 23:35:55 2013 [793581][1][FATAL] project_resource for projects_contacts_resources failed to load

Tue Jan 29 23:35:55 2013 [793581][1][FATAL] error loading relationship project_resource
Tue Jan 29 23:35:55 2013 [793581][1][FATAL] project_resource for projects_contacts_resources failed to load

Tue Jan 29 23:35:55 2013 [793581][1][FATAL] error loading relationship project_resource
Tue Jan 29 23:35:55 2013 [793581][1][FATAL] project_resource for projects_contacts_resources failed to load

Tue Jan 29 23:35:55 2013 [793581][1][FATAL] error loading relationship project_resource
Tue Jan 29 23:35:55 2013 [793581][1][FATAL] project_resource for projects_contacts_resources failed to load

Tue Jan 29 23:35:55 2013 [793581][1][FATAL] error loading relationship project_resource
Tue Jan 29 23:36:45 2013 [794603][1][FATAL] project_resource for projects_contacts_resources failed to load

Tue Jan 29 23:36:45 2013 [794603][1][FATAL] error loading relationship project_resource
Tue Jan 29 23:36:45 2013 [794603][1][FATAL] project_resource for projects_contacts_resources failed to load

Tue Jan 29 23:36:45 2013 [794603][1][FATAL] error loading relationship project_resource
Tue Jan 29 23:36:45 2013 [794603][1][FATAL] project_resource for projects_contacts_resources failed to load

Tue Jan 29 23:36:45 2013 [794603][1][FATAL] error loading relationship project_resource
Tue Jan 29 23:36:45 2013 [794603][1][FATAL] project_resource for projects_contacts_resources failed to load

Tue Jan 29 23:36:45 2013 [794603][1][FATAL] error loading relationship project_resource
Tue Jan 29 23:36:45 2013 [794603][1][FATAL] project_resource for projects_contacts_resources failed to load

Tue Jan 29 23:36:45 2013 [794603][1][FATAL] error loading relationship project_resource
Tue Jan 29 23:36:45 2013 [794603][1][FATAL] project_resource for projects_contacts_resources failed to load

Tue Jan 29 23:36:45 2013 [794603][1][FATAL] error loading relationship project_resource
Tue Jan 29 23:36:45 2013 [794603][1][FATAL] project_resource for projects_contacts_resources failed to load

Tue Jan 29 23:36:45 2013 [794603][1][FATAL] error loading relationship project_resource
Tue Jan 29 23:37:03 2013 [794876][1][FATAL] project_resource for projects_contacts_resources failed to load

Tue Jan 29 23:37:03 2013 [794876][1][FATAL] error loading relationship project_resource
Tue Jan 29 23:37:03 2013 [794876][1][FATAL] project_resource for projects_contacts_resources failed to load

Tue Jan 29 23:37:03 2013 [794876][1][FATAL] error loading relationship project_resource
Tue Jan 29 23:37:03 2013 [794876][1][FATAL] project_resource for projects_contacts_resources failed to load

Tue Jan 29 23:37:03 2013 [794876][1][FATAL] error loading relationship project_resource
Tue Jan 29 23:37:03 2013 [794876][1][FATAL] project_resource for projects_contacts_resources failed to load

Tue Jan 29 23:37:03 2013 [794876][1][FATAL] error loading relationship project_resource
Tue Jan 29 23:37:12 2013 [795001][1][FATAL] project_resource for projects_contacts_resources failed to load

Tue Jan 29 23:37:12 2013 [795001][1][FATAL] error loading relationship project_resource
Wed Jan 30 15:32:17 2013 [977670][1][FATAL] IP Address mismatch: SESSION IP: 93.84.61.236 CLIENT IP: 82.209.219.132
Wed Jan 30 16:01:40 2013 [1035360][671bb584-a98a-0e19-93b8-50f953616c38][FATAL] project_resource for projects_contacts_resources failed to load

Wed Jan 30 16:01:40 2013 [1035360][671bb584-a98a-0e19-93b8-50f953616c38][FATAL] error loading relationship project_resource
Wed Jan 30 16:01:40 2013 [1035360][671bb584-a98a-0e19-93b8-50f953616c38][FATAL] project_resource for projects_contacts_resources failed to load

Wed Jan 30 16:01:40 2013 [1035360][671bb584-a98a-0e19-93b8-50f953616c38][FATAL] error loading relationship project_resource
Wed Jan 30 16:01:40 2013 [1035360][671bb584-a98a-0e19-93b8-50f953616c38][FATAL] project_resource for projects_contacts_resources failed to load

Wed Jan 30 16:01:40 2013 [1035360][671bb584-a98a-0e19-93b8-50f953616c38][FATAL] error loading relationship project_resource
Wed Jan 30 16:01:40 2013 [1035360][671bb584-a98a-0e19-93b8-50f953616c38][FATAL] project_resource for projects_contacts_resources failed to load

Wed Jan 30 16:01:40 2013 [1035360][671bb584-a98a-0e19-93b8-50f953616c38][FATAL] error loading relationship project_resource
Wed Jan 30 16:20:11 2013 [18468][671bb584-a98a-0e19-93b8-50f953616c38][FATAL] project_resource for projects_contacts_resources failed to load

Wed Jan 30 16:20:11 2013 [18468][671bb584-a98a-0e19-93b8-50f953616c38][FATAL] error loading relationship project_resource
Wed Jan 30 16:20:11 2013 [18468][671bb584-a98a-0e19-93b8-50f953616c38][FATAL] project_resource for projects_contacts_resources failed to load

Wed Jan 30 16:20:11 2013 [18468][671bb584-a98a-0e19-93b8-50f953616c38][FATAL] error loading relationship project_resource
Wed Jan 30 16:20:11 2013 [18468][671bb584-a98a-0e19-93b8-50f953616c38][FATAL] project_resource for projects_contacts_resources failed to load

Wed Jan 30 16:20:11 2013 [18468][671bb584-a98a-0e19-93b8-50f953616c38][FATAL] error loading relationship project_resource
Wed Jan 30 16:20:11 2013 [18468][671bb584-a98a-0e19-93b8-50f953616c38][FATAL] project_resource for projects_contacts_resources failed to load

Wed Jan 30 16:20:11 2013 [18468][671bb584-a98a-0e19-93b8-50f953616c38][FATAL] error loading relationship project_resource
Wed Jan 30 16:20:11 2013 [18468][671bb584-a98a-0e19-93b8-50f953616c38][FATAL] project_resource for projects_contacts_resources failed to load

Wed Jan 30 16:20:11 2013 [18468][671bb584-a98a-0e19-93b8-50f953616c38][FATAL] error loading relationship project_resource
Wed Jan 30 16:20:11 2013 [18468][671bb584-a98a-0e19-93b8-50f953616c38][FATAL] project_resource for projects_contacts_resources failed to load

Wed Jan 30 16:20:11 2013 [18468][671bb584-a98a-0e19-93b8-50f953616c38][FATAL] error loading relationship project_resource
Wed Jan 30 16:50:53 2013 [75111][1][FATAL] project_resource for projects_contacts_resources failed to load

Wed Jan 30 16:50:53 2013 [75111][1][FATAL] error loading relationship project_resource
Wed Jan 30 16:50:53 2013 [75111][1][FATAL] project_resource for projects_contacts_resources failed to load

Wed Jan 30 16:50:53 2013 [75111][1][FATAL] error loading relationship project_resource
Wed Jan 30 16:55:28 2013 [84864][1][FATAL] project_resource for projects_contacts_resources failed to load

Wed Jan 30 16:55:28 2013 [84864][1][FATAL] error loading relationship project_resource
Thu Jan 31 13:51:34 2013 [538561][6d3e987b-bba8-c2c0-c231-50914e58a687][FATAL] Failed to load original or custom subpanel data for  in modules//metadata/subpanels/.php
Thu Jan 31 13:54:39 2013 [541712][6d3e987b-bba8-c2c0-c231-50914e58a687][FATAL] Failed to load original or custom subpanel data for  in modules//metadata/subpanels/.php
Thu Jan 31 14:12:02 2013 [564981][-none-][FATAL] SECURITY: User authentication for ira failed
Thu Jan 31 14:12:02 2013 [564981][-none-][FATAL] FAILED LOGIN:attempts[1] - ira
Thu Jan 31 14:12:16 2013 [565148][-none-][FATAL] SECURITY: User authentication for ira failed
Thu Jan 31 14:12:16 2013 [565148][-none-][FATAL] FAILED LOGIN:attempts[2] - ira
Thu Jan 31 14:12:19 2013 [565190][-none-][FATAL] SECURITY: User authentication for ira failed
Thu Jan 31 14:12:19 2013 [565190][-none-][FATAL] FAILED LOGIN:attempts[3] - ira
Thu Jan 31 14:13:30 2013 [566346][6d3e987b-bba8-c2c0-c231-50914e58a687][FATAL] Failed to load original or custom subpanel data for  in modules//metadata/subpanels/.php
Thu Jan 31 16:00:34 2013 [718059][-none-][FATAL] SECURITY: User authentication for ira failed
Thu Jan 31 16:00:34 2013 [718059][-none-][FATAL] FAILED LOGIN:attempts[1] - ira
Thu Jan 31 16:09:30 2013 [732087][6d3e987b-bba8-c2c0-c231-50914e58a687][FATAL] IP Address mismatch: SESSION IP: 37.45.10.191 CLIENT IP: 93.84.3.143
